0 info it worked if it ends with ok
1 verbose cli [ '/Users/jalyna/.nvm/v0.10.33/bin/node',
1 verbose cli   '/Users/jalyna/.nvm/v0.10.33/bin/npm',
1 verbose cli   'install',
1 verbose cli   '--save',
1 verbose cli   'lo-dash' ]
2 info using npm@1.4.28
3 info using node@v0.10.33
4 verbose readDependencies using package.json deps
5 verbose cache add [ 'lo-dash', null ]
6 verbose cache add name=undefined spec="lo-dash" args=["lo-dash",null]
7 verbose parsed url { protocol: null,
7 verbose parsed url   slashes: null,
7 verbose parsed url   auth: null,
7 verbose parsed url   host: null,
7 verbose parsed url   port: null,
7 verbose parsed url   hostname: null,
7 verbose parsed url   hash: null,
7 verbose parsed url   search: null,
7 verbose parsed url   query: null,
7 verbose parsed url   pathname: 'lo-dash',
7 verbose parsed url   path: 'lo-dash',
7 verbose parsed url   href: 'lo-dash' }
8 silly lockFile b15501e5-lo-dash lo-dash
9 verbose lock lo-dash /Users/jalyna/.npm/b15501e5-lo-dash.lock
10 silly lockFile b15501e5-lo-dash lo-dash
11 silly lockFile b15501e5-lo-dash lo-dash
12 verbose addNamed [ 'lo-dash', '' ]
13 verbose addNamed [ null, '*' ]
14 silly lockFile d013afe1-lo-dash lo-dash@
15 verbose lock lo-dash@ /Users/jalyna/.npm/d013afe1-lo-dash.lock
16 silly addNameRange { name: 'lo-dash', range: '*', hasData: false }
17 verbose request where is /lo-dash
18 verbose request registry https://registry.npmjs.org/
19 verbose request id b0717fb3c06dbd77
20 verbose url raw /lo-dash
21 verbose url resolving [ 'https://registry.npmjs.org/', './lo-dash' ]
22 verbose url resolved https://registry.npmjs.org/lo-dash
23 verbose request where is https://registry.npmjs.org/lo-dash
24 info trying registry request attempt 1 at 22:28:10
25 http GET https://registry.npmjs.org/lo-dash
26 http 404 https://registry.npmjs.org/lo-dash
27 verbose headers { date: 'Fri, 23 Jan 2015 21:28:11 GMT',
27 verbose headers   server: 'CouchDB/1.5.0 (Erlang OTP/R16B03)',
27 verbose headers   'content-type': 'application/json',
27 verbose headers   'cache-control': 'max-age=0',
27 verbose headers   'content-length': '52',
27 verbose headers   'accept-ranges': 'bytes',
27 verbose headers   via: '1.1 varnish',
27 verbose headers   age: '0',
27 verbose headers   'x-served-by': 'cache-ams4136-AMS',
27 verbose headers   'x-cache': 'MISS',
27 verbose headers   'x-cache-hits': '0',
27 verbose headers   'x-timer': 'S1422048491.275861,VS0,VE180',
27 verbose headers   'keep-alive': 'timeout=10, max=50',
27 verbose headers   connection: 'Keep-Alive' }
28 silly registry.get cb [ 404,
28 silly registry.get   { date: 'Fri, 23 Jan 2015 21:28:11 GMT',
28 silly registry.get     server: 'CouchDB/1.5.0 (Erlang OTP/R16B03)',
28 silly registry.get     'content-type': 'application/json',
28 silly registry.get     'cache-control': 'max-age=0',
28 silly registry.get     'content-length': '52',
28 silly registry.get     'accept-ranges': 'bytes',
28 silly registry.get     via: '1.1 varnish',
28 silly registry.get     age: '0',
28 silly registry.get     'x-served-by': 'cache-ams4136-AMS',
28 silly registry.get     'x-cache': 'MISS',
28 silly registry.get     'x-cache-hits': '0',
28 silly registry.get     'x-timer': 'S1422048491.275861,VS0,VE180',
28 silly registry.get     'keep-alive': 'timeout=10, max=50',
28 silly registry.get     connection: 'Keep-Alive' } ]
29 silly lockFile d013afe1-lo-dash lo-dash@
30 silly lockFile d013afe1-lo-dash lo-dash@
31 error 404 404 Not Found: lo-dash
31 error 404
31 error 404 'lo-dash' is not in the npm registry.
31 error 404 You should bug the author to publish it
31 error 404 It was specified as a dependency of 'ggj15-madhouse'
31 error 404
31 error 404 Note that you can also install from a
31 error 404 tarball, folder, or http url, or git url.
32 error System Darwin 13.4.0
33 error command "/Users/jalyna/.nvm/v0.10.33/bin/node" "/Users/jalyna/.nvm/v0.10.33/bin/npm" "install" "--save" "lo-dash"
34 error cwd /Users/jalyna/projects/ggj15-madhouse
35 error node -v v0.10.33
36 error npm -v 1.4.28
37 error code E404
38 verbose exit [ 1, true ]
